This file contains any messages produced by compilers while
running configure, to aid debugging if configure makes a mistake.

It was created by grilo configure 0.2.3, which was
generated by GNU Autoconf 2.69.  Invocation command line was

  $ ./configure --prefix=/usr/local --mandir=/usr/local/man --infodir=/usr/local/info/ --build=amd64-portbld-freebsd10.0

## --------- ##
## Platform. ##
## --------- ##

hostname = hast16
uname -m = amd64
uname -r = 10.0-CURRENT
uname -s = FreeBSD
uname -v = FreeBSD 10.0-CURRENT #2 r247880+51e4474: Wed Mar  6 14:47:53 UTC 2013     root@hast16:/usr/obj/usr/src/sys/GENERIC 

/usr/bin/uname -p = amd64
/bin/uname -X     = unknown

/bin/arch              = unknown
/usr/bin/arch -k       = unknown
/usr/convex/getsysinfo = unknown
/usr/bin/hostinfo      = unknown
/bin/machine           = unknown
/usr/bin/oslevel       = unknown
/bin/universe          = unknown

PATH: /sbin
PATH: /bin
PATH: /usr/sbin
PATH: /usr/bin
PATH: /usr/games
PATH: /usr/local/sbin
PATH: /usr/local/bin
PATH: /root/bin


## ----------- ##
## Core tests. ##
## ----------- ##

configure:2283: checking for a BSD-compatible install
configure:2351: result: /usr/bin/install -c -o root -g wheel
configure:2362: checking whether build environment is sane
configure:2412: result: yes
configure:2553: checking for a thread-safe mkdir -p
configure:2592: result: ./install-sh -c -d
configure:2605: checking for gawk
configure:2635: result: no
configure:2605: checking for mawk
configure:2635: result: no
configure:2605: checking for nawk
configure:2621: found /usr/bin/nawk
configure:2632: result: nawk
configure:2643: checking whether gmake sets $(MAKE)
configure:2665: result: yes
configure:2800: checking for gcc
configure:2827: result: cc
configure:3056: checking for C compiler version
configure:3065: cc --version >&5
FreeBSD clang version 3.2 (tags/RELEASE_32/final 170710) 20121221
Target: x86_64-unknown-freebsd10.0
Thread model: posix
configure:3076: $? = 0
configure:3065: cc -v >&5
FreeBSD clang version 3.2 (tags/RELEASE_32/final 170710) 20121221
Target: x86_64-unknown-freebsd10.0
Thread model: posix
configure:3076: $? = 0
configure:3065: cc -V >&5
cc: error: argument to '-V' is missing (expected 1 value)
cc: error: no input files
configure:3076: $? = 1
configure:3065: cc -qversion >&5
cc: error: no input files
configure:3076: $? = 1
configure:3096: checking whether the C compiler works
configure:3118: cc -O2 -pipe -fno-strict-aliasing -I/usr/local/include  -L/usr/local/lib conftest.c  >&5
configure:3122: $? = 0
configure:3170: result: yes
configure:3173: checking for C compiler default output file name
configure:3175: result: a.out
configure:3181: checking for suffix of executables
configure:3188: cc -o conftest -O2 -pipe -fno-strict-aliasing -I/usr/local/include  -L/usr/local/lib conftest.c  >&5
configure:3192: $? = 0
configure:3214: result: 
configure:3236: checking whether we are cross compiling
configure:3244: cc -o conftest -O2 -pipe -fno-strict-aliasing -I/usr/local/include  -L/usr/local/lib conftest.c  >&5
configure:3248: $? = 0
configure:3255: ./conftest
configure:3259: $? = 0
configure:3274: result: no
configure:3279: checking for suffix of object files
configure:3301: cc -c -O2 -pipe -fno-strict-aliasing -I/usr/local/include conftest.c >&5
configure:3305: $? = 0
configure:3326: result: o
configure:3330: checking whether we are using the GNU C compiler
configure:3349: cc -c -O2 -pipe -fno-strict-aliasing -I/usr/local/include conftest.c >&5
configure:3349: $? = 0
configure:3358: result: yes
configure:3367: checking whether cc accepts -g
configure:3387: cc -c -g -I/usr/local/include conftest.c >&5
configure:3387: $? = 0
configure:3428: result: yes
configure:3445: checking for cc option to accept ISO C89
configure:3508: cc  -c -O2 -pipe -fno-strict-aliasing -I/usr/local/include conftest.c >&5
configure:3508: $? = 0
configure:3521: result: none needed
configure:3552: checking for style of include used by gmake
configure:3580: result: GNU
configure:3606: checking dependency style of cc
configure:3717: result: gcc3
configure:3764: checking build system type
configure:3778: result: amd64-portbld-freebsd10.0
configure:3798: checking host system type
configure:3811: result: amd64-portbld-freebsd10.0
configure:3852: checking how to print strings
configure:3879: result: printf
configure:3900: checking for a sed that does not truncate output
configure:3964: result: /usr/bin/sed
configure:3982: checking for grep that handles long lines and -e
configure:4040: result: /usr/bin/grep
configure:4045: checking for egrep
configure:4107: result: /usr/bin/grep -E
configure:4112: checking for fgrep
configure:4174: result: /usr/bin/grep -F
configure:4209: checking for ld used by cc
configure:4276: result: /usr/bin/ld
configure:4283: checking if the linker (/usr/bin/ld) is GNU ld
configure:4298: result: yes
configure:4310: checking for BSD- or MS-compatible name lister (nm)
configure:4359: result: /usr/bin/nm -B
configure:4489: checking the name lister (/usr/bin/nm -B) interface
configure:4496: cc -c -O2 -pipe -fno-strict-aliasing -I/usr/local/include conftest.c >&5
configure:4499: /usr/bin/nm -B "conftest.o"
configure:4502: output
0000000000000000 B some_variable
configure:4509: result: BSD nm
configure:4512: checking whether ln -s works
configure:4516: result: yes
configure:4524: checking the maximum length of command line arguments
configure:4654: result: 262144
configure:4671: checking whether the shell understands some XSI constructs
configure:4681: result: yes
configure:4685: checking whether the shell understands "+="
configure:4691: result: no
configure:4726: checking how to convert amd64-portbld-freebsd10.0 file names to amd64-portbld-freebsd10.0 format
configure:4766: result: func_convert_file_noop
configure:4773: checking how to convert amd64-portbld-freebsd10.0 file names to toolchain format
configure:4793: result: func_convert_file_noop
configure:4800: checking for /usr/bin/ld option to reload object files
configure:4807: result: -r
configure:4881: checking for objdump
configure:4897: found /usr/bin/objdump
configure:4908: result: objdump
configure:4940: checking how to recognize dependent libraries
configure:5138: result: pass_all
configure:5223: checking for dlltool
configure:5253: result: no
configure:5283: checking how to associate runtime and link libraries
configure:5310: result: printf %s\n
configure:5371: checking for ar
configure:5387: found /usr/bin/ar
configure:5398: result: ar
configure:5435: checking for archiver @FILE support
configure:5452: cc -c -O2 -pipe -fno-strict-aliasing -I/usr/local/include conftest.c >&5
configure:5452: $? = 0
configure:5455: ar cru libconftest.a @conftest.lst >&5
ar: warning: can't open file: @conftest.lst: No such file or directory
configure:5458: $? = 0
configure:5463: ar cru libconftest.a @conftest.lst >&5
ar: warning: can't open file: @conftest.lst: No such file or directory
configure:5466: $? = 0
configure:5478: result: no
configure:5536: checking for strip
configure:5552: found /usr/bin/strip
configure:5563: result: strip
configure:5635: checking for ranlib
configure:5651: found /usr/bin/ranlib
configure:5662: result: ranlib
configure:5764: checking command to parse /usr/bin/nm -B output from cc object
configure:5884: cc -c -O2 -pipe -fno-strict-aliasing -I/usr/local/include conftest.c >&5
configure:5887: $? = 0
configure:5891: /usr/bin/nm -B conftest.o \| sed -n -e 's/^.*[ ]\([ABCDGIRSTW][ABCDGIRSTW]*\)[ ][ ]*\([_A-Za-z][_A-Za-z0-9]*\)$/\1 \2 \2/p' | sed '/ __gnu_lto/d' \> conftest.nm
configure:5894: $? = 0
configure:5960: cc -o conftest -O2 -pipe -fno-strict-aliasing -I/usr/local/include  -L/usr/local/lib conftest.c conftstm.o >&5
configure:5963: $? = 0
configure:6001: result: ok
configure:6038: checking for sysroot
configure:6068: result: no
configure:6324: checking for mt
configure:6340: found /usr/bin/mt
configure:6351: result: mt
configure:6374: checking if mt is a manifest tool
configure:6380: mt '-?'
mt: illegal option -- ?
usage: mt [-f device] command [count]
configure:6388: result: no
configure:7030: checking how to run the C preprocessor
configure:7100: result: cpp
configure:7120: cpp -I/usr/local/include conftest.c
configure:7120: $? = 0
configure:7134: cpp -I/usr/local/include conftest.c
conftest.c:11:10: fatal error: 'ac_nonexistent.h' file not found
#include <ac_nonexistent.h>
         ^
1 error generated.
configure:7134: $? = 1
configure: failed program was:
| /* confdefs.h */
| #define PACKAGE_NAME "grilo"
| #define PACKAGE_TARNAME "grilo"
| #define PACKAGE_VERSION "0.2.3"
| #define PACKAGE_STRING "grilo 0.2.3"
| #define PACKAGE_BUGREPORT "http://bugzilla.gnome.org/enter_bug.cgi?product=grilo;component=core"
| #define PACKAGE_URL "http://live.gnome.org/Grilo"
| #define PACKAGE "grilo"
| #define VERSION "0.2.3"
| /* end confdefs.h.  */
| #include <ac_nonexistent.h>
configure:7163: checking for ANSI C header files
configure:7183: cc -c -O2 -pipe -fno-strict-aliasing -I/usr/local/include conftest.c >&5
configure:7183: $? = 0
configure:7256: cc -o conftest -O2 -pipe -fno-strict-aliasing -I/usr/local/include  -L/usr/local/lib conftest.c  >&5
configure:7256: $? = 0
configure:7256: ./conftest
configure:7256: $? = 0
configure:7267: result: yes
configure:7280: checking for sys/types.h
configure:7280: cc -c -O2 -pipe -fno-strict-aliasing -I/usr/local/include conftest.c >&5
configure:7280: $? = 0
configure:7280: result: yes
configure:7280: checking for sys/stat.h
configure:7280: cc -c -O2 -pipe -fno-strict-aliasing -I/usr/local/include conftest.c >&5
configure:7280: $? = 0
configure:7280: result: yes
configure:7280: checking for stdlib.h
configure:7280: cc -c -O2 -pipe -fno-strict-aliasing -I/usr/local/include conftest.c >&5
configure:7280: $? = 0
configure:7280: result: yes
configure:7280: checking for string.h
configure:7280: cc -c -O2 -pipe -fno-strict-aliasing -I/usr/local/include conftest.c >&5
configure:7280: $? = 0
configure:7280: result: yes
configure:7280: checking for memory.h
configure:7280: cc -c -O2 -pipe -fno-strict-aliasing -I/usr/local/include conftest.c >&5
configure:7280: $? = 0
configure:7280: result: yes
configure:7280: checking for strings.h
configure:7280: cc -c -O2 -pipe -fno-strict-aliasing -I/usr/local/include conftest.c >&5
configure:7280: $? = 0
configure:7280: result: yes
configure:7280: checking for inttypes.h
configure:7280: cc -c -O2 -pipe -fno-strict-aliasing -I/usr/local/include conftest.c >&5
configure:7280: $? = 0
configure:7280: result: yes
configure:7280: checking for stdint.h
configure:7280: cc -c -O2 -pipe -fno-strict-aliasing -I/usr/local/include conftest.c >&5
configure:7280: $? = 0
configure:7280: result: yes
configure:7280: checking for unistd.h
configure:7280: cc -c -O2 -pipe -fno-strict-aliasing -I/usr/local/include conftest.c >&5
configure:7280: $? = 0
configure:7280: result: yes
configure:7294: checking for dlfcn.h
configure:7294: cc -c -O2 -pipe -fno-strict-aliasing -I/usr/local/include conftest.c >&5
configure:7294: $? = 0
configure:7294: result: yes
configure:7500: checking for objdir
configure:7515: result: .libs
configure:7786: checking if cc supports -fno-rtti -fno-exceptions
configure:7804: cc -c -O2 -pipe -fno-strict-aliasing -I/usr/local/include -fno-rtti -fno-exceptions conftest.c >&5
configure:7808: $? = 0
configure:7821: result: yes
configure:8148: checking for cc option to produce PIC
configure:8155: result: -fPIC -DPIC
configure:8163: checking if cc PIC flag -fPIC -DPIC works
configure:8181: cc -c -O2 -pipe -fno-strict-aliasing -I/usr/local/include -fPIC -DPIC -DPIC conftest.c >&5
configure:8185: $? = 0
configure:8198: result: yes
configure:8227: checking if cc static flag -static works
configure:8255: result: yes
configure:8270: checking if cc supports -c -o file.o
configure:8291: cc -c -O2 -pipe -fno-strict-aliasing -I/usr/local/include -o out/conftest2.o conftest.c >&5
configure:8295: $? = 0
configure:8317: result: yes
configure:8325: checking if cc supports -c -o file.o
configure:8372: result: yes
configure:8405: checking whether the cc linker (/usr/bin/ld) supports shared libraries
configure:9562: result: yes
configure:9599: checking whether -lc should be explicitly linked in
configure:9607: cc -c -O2 -pipe -fno-strict-aliasing -I/usr/local/include conftest.c >&5
configure:9610: $? = 0
configure:9625: cc -shared  -fPIC -DPIC conftest.o  -v -Wl,-soname -Wl,conftest -o conftest 2\>\&1 \| /usr/bin/grep  -lc  \>/dev/null 2\>\&1
configure:9628: $? = 0
configure:9642: result: no
configure:9802: checking dynamic linker characteristics
configure:10536: result: freebsd10.0 ld.so
configure:10643: checking how to hardcode library paths into programs
configure:10668: result: immediate
configure:11208: checking whether stripping libraries is possible
configure:11213: result: yes
configure:11248: checking if libtool supports shared libraries
configure:11250: result: yes
configure:11253: checking whether to build shared libraries
configure:11274: result: yes
configure:11277: checking whether to build static libraries
configure:11281: result: yes
configure:11323: checking whether cc understands -c and -o together
configure:11351: cc -c conftest.c -o conftest2.o >&5
configure:11355: $? = 0
configure:11361: cc -c conftest.c -o conftest2.o >&5
configure:11365: $? = 0
configure:11420: result: yes
configure:11446: checking for ANSI C header files
configure:11550: result: yes
configure:11633: checking whether gcc understands -Wno-sign-compare
configure:11646: cc -c -Wall -Wmissing-prototypes -Wnested-externs -Wpointer-arith -O2 -pipe -fno-strict-aliasing -Wno-sign-compare -I/usr/local/include conftest.c >&5
configure:11646: $? = 0
configure:11653: result: yes
configure:11671: checking what warning flags to pass to the C compiler
configure:11673: result: -Wall -Wmissing-prototypes -Wnested-externs -Wpointer-arith -Wno-sign-compare
configure:11684: checking what language compliance flags to pass to the C compiler
configure:11699: result: 
configure:11708: checking whether to enable maintainer-specific portions of Makefiles
configure:11717: result: no
configure:11859: checking for pkg-config
configure:11877: found /usr/local/bin/pkg-config
configure:11889: result: /usr/local/bin/pkg-config
configure:11914: checking pkg-config is at least version 0.9.0
configure:11917: result: yes
configure:11927: checking for DEPS
configure:11934: $PKG_CONFIG --exists --print-errors "glib-2.0 >= 2.29.10 \
			gobject-2.0 \
			gmodule-2.0 \
			gio-2.0 \
			libxml-2.0"
configure:11945: $? = 0
configure:11963: $PKG_CONFIG --exists --print-errors "glib-2.0 >= 2.29.10 \
			gobject-2.0 \
			gmodule-2.0 \
			gio-2.0 \
			libxml-2.0"
configure:11974: $? = 0
configure:12048: result: yes
configure:12064: checking for GTU
configure:12071: $PKG_CONFIG --exists --print-errors " gtk+-3.0 >= 3.0 "
Package gtk+-3.0 was not found in the pkg-config search path.
Perhaps you should add the directory containing `gtk+-3.0.pc'
to the PKG_CONFIG_PATH environment variable
No package 'gtk+-3.0' found
configure:12074: $? = 1
configure:12088: $PKG_CONFIG --exists --print-errors " gtk+-3.0 >= 3.0 "
Package gtk+-3.0 was not found in the pkg-config search path.
Perhaps you should add the directory containing `gtk+-3.0.pc'
to the PKG_CONFIG_PATH environment variable
No package 'gtk+-3.0' found
configure:12091: $? = 1
configure:12105: result: no
Package gtk+-3.0 was not found in the pkg-config search path.
Perhaps you should add the directory containing `gtk+-3.0.pc'
to the PKG_CONFIG_PATH environment variable
No package 'gtk+-3.0' found
configure:12166: checking for NET
configure:12173: $PKG_CONFIG --exists --print-errors "libsoup-2.4"
Package libsoup-2.4 was not found in the pkg-config search path.
Perhaps you should add the directory containing `libsoup-2.4.pc'
to the PKG_CONFIG_PATH environment variable
No package 'libsoup-2.4' found
configure:12176: $? = 1
configure:12190: $PKG_CONFIG --exists --print-errors "libsoup-2.4"
Package libsoup-2.4 was not found in the pkg-config search path.
Perhaps you should add the directory containing `libsoup-2.4.pc'
to the PKG_CONFIG_PATH environment variable
No package 'libsoup-2.4' found
configure:12193: $? = 1
configure:12207: result: no
Package libsoup-2.4 was not found in the pkg-config search path.
Perhaps you should add the directory containing `libsoup-2.4.pc'
to the PKG_CONFIG_PATH environment variable
No package 'libsoup-2.4' found
configure:12237: $PKG_CONFIG --exists --print-errors "libsoup-2.4 >= 2.33.4"
Package libsoup-2.4 was not found in the pkg-config search path.
Perhaps you should add the directory containing `libsoup-2.4.pc'
to the PKG_CONFIG_PATH environment variable
No package 'libsoup-2.4' found
configure:12240: $? = 1
configure:12292: WARNING: "Configuring with debugging options enabled!"
configure:12320: checking whether Vala plugin support is requested
configure:12329: result: autodetect
configure:12334: $PKG_CONFIG --exists --print-errors " libvala-0.12 "
Package libvala-0.12 was not found in the pkg-config search path.
Perhaps you should add the directory containing `libvala-0.12.pc'
to the PKG_CONFIG_PATH environment variable
No package 'libvala-0.12' found
configure:12337: $? = 1
configure:12342: $PKG_CONFIG --exists --print-errors " libvala-0.14 "
Package libvala-0.14 was not found in the pkg-config search path.
Perhaps you should add the directory containing `libvala-0.14.pc'
to the PKG_CONFIG_PATH environment variable
No package 'libvala-0.14' found
configure:12345: $? = 1
configure:12350: $PKG_CONFIG --exists --print-errors " libvala-0.16 "
Package libvala-0.16 was not found in the pkg-config search path.
Perhaps you should add the directory containing `libvala-0.16.pc'
to the PKG_CONFIG_PATH environment variable
No package 'libvala-0.16' found
configure:12353: $? = 1
configure:12358: $PKG_CONFIG --exists --print-errors " libvala-0.18 "
configure:12361: $? = 0
configure:12370: checking for VALA
configure:12377: $PKG_CONFIG --exists --print-errors " ${valapkg} "
configure:12380: $? = 0
configure:12394: $PKG_CONFIG --exists --print-errors " ${valapkg} "
configure:12397: $? = 0
configure:12435: result: yes
configure:12446: checking for valac
configure:12464: found /usr/local/bin/valac
configure:12476: result: /usr/local/bin/valac
configure:12490: checking for vala-gen-introspect
configure:12523: result: no
configure:12529: error: Cannot find "vala-gen-introspect" in your PATH

## ---------------- ##
## Cache variables. ##
## ---------------- ##

ac_cv_build=amd64-portbld-freebsd10.0
ac_cv_c_compiler_gnu=yes
ac_cv_env_CC_set=set
ac_cv_env_CC_value=cc
ac_cv_env_CFLAGS_set=set
ac_cv_env_CFLAGS_value='-O2 -pipe -fno-strict-aliasing'
ac_cv_env_CPPFLAGS_set=set
ac_cv_env_CPPFLAGS_value=-I/usr/local/include
ac_cv_env_CPP_set=set
ac_cv_env_CPP_value=cpp
ac_cv_env_DEPS_CFLAGS_set=''
ac_cv_env_DEPS_CFLAGS_value=''
ac_cv_env_DEPS_LIBS_set=''
ac_cv_env_DEPS_LIBS_value=''
ac_cv_env_GTKDOC_DEPS_CFLAGS_set=''
ac_cv_env_GTKDOC_DEPS_CFLAGS_value=''
ac_cv_env_GTKDOC_DEPS_LIBS_set=''
ac_cv_env_GTKDOC_DEPS_LIBS_value=''
ac_cv_env_GTU_CFLAGS_set=''
ac_cv_env_GTU_CFLAGS_value=''
ac_cv_env_GTU_LIBS_set=''
ac_cv_env_GTU_LIBS_value=''
ac_cv_env_LDFLAGS_set=set
ac_cv_env_LDFLAGS_value=' -L/usr/local/lib'
ac_cv_env_LIBS_set=''
ac_cv_env_LIBS_value=''
ac_cv_env_NET_CFLAGS_set=''
ac_cv_env_NET_CFLAGS_value=''
ac_cv_env_NET_LIBS_set=''
ac_cv_env_NET_LIBS_value=''
ac_cv_env_PKG_CONFIG_LIBDIR_set=''
ac_cv_env_PKG_CONFIG_LIBDIR_value=''
ac_cv_env_PKG_CONFIG_PATH_set=''
ac_cv_env_PKG_CONFIG_PATH_value=''
ac_cv_env_PKG_CONFIG_set=''
ac_cv_env_PKG_CONFIG_value=''
ac_cv_env_VALA_CFLAGS_set=''
ac_cv_env_VALA_CFLAGS_value=''
ac_cv_env_VALA_LIBS_set=''
ac_cv_env_VALA_LIBS_value=''
ac_cv_env_build_alias_set=set
ac_cv_env_build_alias_value=amd64-portbld-freebsd10.0
ac_cv_env_host_alias_set=''
ac_cv_env_host_alias_value=''
ac_cv_env_target_alias_set=''
ac_cv_env_target_alias_value=''
ac_cv_header_dlfcn_h=yes
ac_cv_header_inttypes_h=yes
ac_cv_header_memory_h=yes
ac_cv_header_stdc=yes
ac_cv_header_stdint_h=yes
ac_cv_header_stdlib_h=yes
ac_cv_header_string_h=yes
ac_cv_header_strings_h=yes
ac_cv_header_sys_stat_h=yes
ac_cv_header_sys_types_h=yes
ac_cv_header_unistd_h=yes
ac_cv_host=amd64-portbld-freebsd10.0
ac_cv_objext=o
ac_cv_path_DOLT_BASH=''
ac_cv_path_EGREP='/usr/bin/grep -E'
ac_cv_path_FGREP='/usr/bin/grep -F'
ac_cv_path_GREP=/usr/bin/grep
ac_cv_path_SED=/usr/bin/sed
ac_cv_path_VALAC=/usr/local/bin/valac
ac_cv_path_ac_pt_PKG_CONFIG=/usr/local/bin/pkg-config
ac_cv_prog_AWK=nawk
ac_cv_prog_CPP=cpp
ac_cv_prog_ac_ct_AR=ar
ac_cv_prog_ac_ct_CC=cc
ac_cv_prog_ac_ct_MANIFEST_TOOL=mt
ac_cv_prog_ac_ct_OBJDUMP=objdump
ac_cv_prog_ac_ct_RANLIB=ranlib
ac_cv_prog_ac_ct_STRIP=strip
ac_cv_prog_cc_c89=''
ac_cv_prog_cc_cc_c_o=yes
ac_cv_prog_cc_g=yes
ac_cv_prog_make_gmake_set=yes
am_cv_CC_dependencies_compiler_type=gcc3
lt_cv_ar_at_file=no
lt_cv_archive_cmds_need_lc=no
lt_cv_deplibs_check_method=pass_all
lt_cv_file_magic_cmd='$MAGIC_CMD'
lt_cv_file_magic_test_file=''
lt_cv_ld_reload_flag=-r
lt_cv_nm_interface='BSD nm'
lt_cv_objdir=.libs
lt_cv_path_LD=/usr/bin/ld
lt_cv_path_NM='/usr/bin/nm -B'
lt_cv_path_mainfest_tool=no
lt_cv_prog_compiler_c_o=yes
lt_cv_prog_compiler_pic='-fPIC -DPIC'
lt_cv_prog_compiler_pic_works=yes
lt_cv_prog_compiler_rtti_exceptions=yes
lt_cv_prog_compiler_static_works=yes
lt_cv_prog_gnu_ld=yes
lt_cv_sharedlib_from_linklib_cmd='printf %s\n'
lt_cv_sys_global_symbol_pipe='sed -n -e '\''s/^.*[	 ]\([ABCDGIRSTW][ABCDGIRSTW]*\)[	 ][	 ]*\([_A-Za-z][_A-Za-z0-9]*\)$/\1 \2 \2/p'\'' | sed '\''/ __gnu_lto/d'\'
lt_cv_sys_global_symbol_to_c_name_address='sed -n -e '\''s/^: \([^ ]*\)[ ]*$/  {\"\1\", (void *) 0},/p'\'' -e '\''s/^[ABCDGIRSTW]* \([^ ]*\) \([^ ]*\)$/  {"\2", (void *) \&\2},/p'\'
lt_cv_sys_global_symbol_to_c_name_address_lib_prefix='sed -n -e '\''s/^: \([^ ]*\)[ ]*$/  {\"\1\", (void *) 0},/p'\'' -e '\''s/^[ABCDGIRSTW]* \([^ ]*\) \(lib[^ ]*\)$/  {"\2", (void *) \&\2},/p'\'' -e '\''s/^[ABCDGIRSTW]* \([^ ]*\) \([^ ]*\)$/  {"lib\2", (void *) \&\2},/p'\'
lt_cv_sys_global_symbol_to_cdecl='sed -n -e '\''s/^T .* \(.*\)$/extern int \1();/p'\'' -e '\''s/^[ABCDGIRSTW]* .* \(.*\)$/extern char \1;/p'\'
lt_cv_sys_max_cmd_len=262144
lt_cv_to_host_file_cmd=func_convert_file_noop
lt_cv_to_tool_file_cmd=func_convert_file_noop
pkg_cv_DEPS_CFLAGS='-pthread -I/usr/local/include/glib-2.0 -I/usr/local/include/libxml2 -I/usr/local/include  '
pkg_cv_DEPS_LIBS='-Wl,--export-dynamic -lgmodule-2.0 -pthread -lgio-2.0 -lgobject-2.0 -lglib-2.0 -lintl -L/usr/local/lib -lxml2  '
pkg_cv_VALA_CFLAGS='-I/usr/local/include/vala-0.18 -I/usr/local/include/glib-2.0 -I/usr/local/include  '
pkg_cv_VALA_LIBS='-lvala-0.18 -lgobject-2.0 -L/usr/local/lib -lglib-2.0 -lintl  '

## ----------------- ##
## Output variables. ##
## ----------------- ##

ACLOCAL='${SHELL} /root/marcuscom_git/ports/net/grilo/work/grilo-0.2.3/missing --run aclocal-1.11'
AMDEPBACKSLASH='\'
AMDEP_FALSE='#'
AMDEP_TRUE=''
AMTAR='$${TAR-tar}'
AM_BACKSLASH='\'
AM_DEFAULT_VERBOSITY='0'
AR='ar'
AUTOCONF='${SHELL} /root/marcuscom_git/ports/net/grilo/work/grilo-0.2.3/missing --run autoconf'
AUTOHEADER='${SHELL} /root/marcuscom_git/ports/net/grilo/work/grilo-0.2.3/missing --run autoheader'
AUTOMAKE='${SHELL} /root/marcuscom_git/ports/net/grilo/work/grilo-0.2.3/missing --run automake-1.11'
AWK='nawk'
BUILD_GRILO_NET_FALSE=''
BUILD_GRILO_NET_TRUE='#'
BUILD_GRILO_NET_WITH_CACHE_FALSE=''
BUILD_GRILO_NET_WITH_CACHE_TRUE='#'
BUILD_GRILO_TEST_UI_FALSE=''
BUILD_GRILO_TEST_UI_TRUE='#'
CC='cc'
CCDEPMODE='depmode=gcc3'
CFLAGS='-O2 -pipe -fno-strict-aliasing -g3 -O0'
CPP='cpp'
CPPFLAGS='-I/usr/local/include'
CYGPATH_W='echo'
DEFS=''
DEPDIR='.deps'
DEPS_CFLAGS='-pthread -I/usr/local/include/glib-2.0 -I/usr/local/include/libxml2 -I/usr/local/include  '
DEPS_LIBS='-Wl,--export-dynamic -lgmodule-2.0 -pthread -lgio-2.0 -lgobject-2.0 -lglib-2.0 -lintl -L/usr/local/lib -lxml2  '
DISABLE_DEPRECATED=''
DLLTOOL='false'
DSYMUTIL=''
DUMPBIN=''
ECHO_C=''
ECHO_N='-n'
ECHO_T=''
EGREP='/usr/bin/grep -E'
ENABLE_GTK_DOC_FALSE=''
ENABLE_GTK_DOC_TRUE=''
ENABLE_TESTS_FALSE=''
ENABLE_TESTS_TRUE='#'
EXEEXT=''
FGREP='/usr/bin/grep -F'
GLIB_GENMARSHAL='glib-genmarshal'
GLIB_MKENUMS='glib-mkenums'
GREP='/usr/bin/grep'
GRLNET_LT_VERSION='1:1:1'
GRLNET_VERSION='0.2.2'
GRL_LT_VERSION='3:0:2'
GRL_MAJORMINOR='0.2'
GRL_MAJORMINOR_NORM='0_2'
GRL_NAME='grilo-0.2'
GRL_PLUGINS_DIR='/usr/local/lib/grilo-0.2'
GTKDOC_CHECK=''
GTKDOC_DEPS_CFLAGS=''
GTKDOC_DEPS_LIBS=''
GTKDOC_MKPDF=''
GTKDOC_REBASE=''
GTK_DOC_BUILD_HTML_FALSE=''
GTK_DOC_BUILD_HTML_TRUE=''
GTK_DOC_BUILD_PDF_FALSE=''
GTK_DOC_BUILD_PDF_TRUE=''
GTK_DOC_USE_LIBTOOL_FALSE=''
GTK_DOC_USE_LIBTOOL_TRUE=''
GTK_DOC_USE_REBASE_FALSE=''
GTK_DOC_USE_REBASE_TRUE=''
GTU_CFLAGS=''
GTU_LIBS=''
HAVE_INTROSPECTION_FALSE=''
HAVE_INTROSPECTION_TRUE=''
HAVE_VALA_FALSE=''
HAVE_VALA_TRUE=''
HTML_DIR=''
INSTALL_DATA='install  -o root -g wheel -m 444'
INSTALL_PROGRAM='install  -s -o root -g wheel -m 555'
INSTALL_SCRIPT='install  -o root -g wheel -m 555'
INSTALL_STRIP_PROGRAM='$(install_sh) -c -s'
INTROSPECTION_CFLAGS=''
INTROSPECTION_COMPILER=''
INTROSPECTION_GENERATE=''
INTROSPECTION_GIRDIR=''
INTROSPECTION_LIBS=''
INTROSPECTION_MAKEFILE=''
INTROSPECTION_SCANNER=''
INTROSPECTION_TYPELIBDIR=''
LD='/usr/bin/ld'
LDFLAGS=' -L/usr/local/lib'
LIBOBJS=''
LIBS=''
LIBTOOL='$(SHELL) /root/marcuscom_git/ports/net/grilo/work/gnome-libtool'
LIPO=''
LN_S='ln -s'
LTLIBOBJS=''
MAINT='#'
MAINTAINER_MODE_FALSE=''
MAINTAINER_MODE_TRUE='#'
MAKEINFO='${SHELL} /root/marcuscom_git/ports/net/grilo/work/grilo-0.2.3/missing --run makeinfo'
MANIFEST_TOOL=':'
MKDIR_P='./install-sh -c -d'
NET_CFLAGS=''
NET_LIBS=''
NM='/usr/bin/nm -B'
NMEDIT=''
OBJDUMP='objdump'
OBJEXT='o'
OTOOL64=''
OTOOL=''
PACKAGE='grilo'
PACKAGE_BUGREPORT='http://bugzilla.gnome.org/enter_bug.cgi?product=grilo;component=core'
PACKAGE_NAME='grilo'
PACKAGE_STRING='grilo 0.2.3'
PACKAGE_TARNAME='grilo'
PACKAGE_URL='http://live.gnome.org/Grilo'
PACKAGE_VERSION='0.2.3'
PATH_SEPARATOR=':'
PKG_CONFIG='/usr/local/bin/pkg-config'
PKG_CONFIG_LIBDIR=''
PKG_CONFIG_PATH=''
RANLIB='ranlib'
SED='/usr/bin/sed'
SET_MAKE=''
SHELL='/bin/sh'
STRIP='strip'
VALAC='/usr/local/bin/valac'
VALA_CFLAGS='-I/usr/local/include/vala-0.18 -I/usr/local/include/glib-2.0 -I/usr/local/include  '
VALA_GEN_INTROSPECT=''
VALA_LIBS='-lvala-0.18 -lgobject-2.0 -L/usr/local/lib -lglib-2.0 -lintl  '
VAPIGEN=''
VERSION='0.2.3'
WARN_CFLAGS='-Wall -Wmissing-prototypes -Wnested-externs -Wpointer-arith -Wno-sign-compare '
abs_top_builddir=''
ac_ct_AR='ar'
ac_ct_CC='cc'
ac_ct_DUMPBIN=''
am__EXEEXT_FALSE=''
am__EXEEXT_TRUE=''
am__fastdepCC_FALSE='#'
am__fastdepCC_TRUE=''
am__include='include'
am__isrc=''
am__leading_dot='.'
am__nodep='_no'
am__quote=''
am__tar='$${TAR-tar} chof - "$$tardir"'
am__untar='$${TAR-tar} xf -'
bindir='${exec_prefix}/bin'
build='amd64-portbld-freebsd10.0'
build_alias='amd64-portbld-freebsd10.0'
build_cpu='amd64'
build_os='freebsd10.0'
build_vendor='portbld'
builddir=''
datadir='${datarootdir}'
datarootdir='${prefix}/share'
docdir='${datarootdir}/doc/${PACKAGE_TARNAME}'
dvidir='${docdir}'
exec_prefix='/usr/local'
host='amd64-portbld-freebsd10.0'
host_alias=''
host_cpu='amd64'
host_os='freebsd10.0'
host_vendor='portbld'
htmldir='${docdir}'
includedir='${prefix}/include'
infodir='/usr/local/info'
install_sh='${SHELL} /root/marcuscom_git/ports/net/grilo/work/grilo-0.2.3/install-sh'
libdir='${exec_prefix}/lib'
libexecdir='${exec_prefix}/libexec'
localedir='${datarootdir}/locale'
localstatedir='${prefix}/var'
mandir='/usr/local/man'
mkdir_p='$(top_builddir)/./install-sh -c -d'
oldincludedir='/usr/include'
pdfdir='${docdir}'
prefix='/usr/local'
program_transform_name='s,x,x,'
psdir='${docdir}'
sbindir='${exec_prefix}/sbin'
sharedstatedir='${prefix}/com'
sysconfdir='${prefix}/etc'
target_alias=''

## ----------- ##
## confdefs.h. ##
## ----------- ##

/* confdefs.h */
#define PACKAGE_NAME "grilo"
#define PACKAGE_TARNAME "grilo"
#define PACKAGE_VERSION "0.2.3"
#define PACKAGE_STRING "grilo 0.2.3"
#define PACKAGE_BUGREPORT "http://bugzilla.gnome.org/enter_bug.cgi?product=grilo;component=core"
#define PACKAGE_URL "http://live.gnome.org/Grilo"
#define PACKAGE "grilo"
#define VERSION "0.2.3"
#define STDC_HEADERS 1
#define HAVE_SYS_TYPES_H 1
#define HAVE_SYS_STAT_H 1
#define HAVE_STDLIB_H 1
#define HAVE_STRING_H 1
#define HAVE_MEMORY_H 1
#define HAVE_STRINGS_H 1
#define HAVE_INTTYPES_H 1
#define HAVE_STDINT_H 1
#define HAVE_UNISTD_H 1
#define HAVE_DLFCN_H 1
#define LT_OBJDIR ".libs/"
#define STDC_HEADERS 1
#define GRLNET_VERSION "0.2.2"
#define GRL_MAJORMINOR "0.2"
#define GRL_NAME "grilo-0.2"
#define GRL_PLUGINS_DIR "/usr/local/lib/grilo-0.2"

configure: exit 1
